  main.cpp
D:\Projects\cpp_klink_elective\cpp_klink_elective\SFMLEngine\main.cpp(95,12): warning C4244: 'argument': conversion from 'time_t' to 'unsigned int', possible loss of data
D:\Projects\cpp_klink_elective\cpp_klink_elective\SFMLEngine\main.cpp(130,40): warning C4244: 'argument': conversion from 'int' to 'float', possible loss of data
D:\Projects\cpp_klink_elective\cpp_klink_elective\SFMLEngine\main.cpp(136,12): warning C4244: 'argument': conversion from 'T' to 'T', possible loss of data
D:\Projects\cpp_klink_elective\cpp_klink_elective\SFMLEngine\main.cpp(136,12): warning C4244:         with
D:\Projects\cpp_klink_elective\cpp_klink_elective\SFMLEngine\main.cpp(136,12): warning C4244:         [
D:\Projects\cpp_klink_elective\cpp_klink_elective\SFMLEngine\main.cpp(136,12): warning C4244:             T=unsigned int
D:\Projects\cpp_klink_elective\cpp_klink_elective\SFMLEngine\main.cpp(136,12): warning C4244:         ]
D:\Projects\cpp_klink_elective\cpp_klink_elective\SFMLEngine\main.cpp(136,12): warning C4244:         and
D:\Projects\cpp_klink_elective\cpp_klink_elective\SFMLEngine\main.cpp(136,12): warning C4244:         [
D:\Projects\cpp_klink_elective\cpp_klink_elective\SFMLEngine\main.cpp(136,12): warning C4244:             T=float
D:\Projects\cpp_klink_elective\cpp_klink_elective\SFMLEngine\main.cpp(136,12): warning C4244:         ]
D:\Projects\cpp_klink_elective\cpp_klink_elective\SFMLEngine\main.cpp(135,11): warning C4244: 'argument': conversion from 'T' to 'T', possible loss of data
D:\Projects\cpp_klink_elective\cpp_klink_elective\SFMLEngine\main.cpp(135,11): warning C4244:         with
D:\Projects\cpp_klink_elective\cpp_klink_elective\SFMLEngine\main.cpp(135,11): warning C4244:         [
D:\Projects\cpp_klink_elective\cpp_klink_elective\SFMLEngine\main.cpp(135,11): warning C4244:             T=unsigned int
D:\Projects\cpp_klink_elective\cpp_klink_elective\SFMLEngine\main.cpp(135,11): warning C4244:         ]
D:\Projects\cpp_klink_elective\cpp_klink_elective\SFMLEngine\main.cpp(135,11): warning C4244:         and
D:\Projects\cpp_klink_elective\cpp_klink_elective\SFMLEngine\main.cpp(135,11): warning C4244:         [
D:\Projects\cpp_klink_elective\cpp_klink_elective\SFMLEngine\main.cpp(135,11): warning C4244:             T=float
D:\Projects\cpp_klink_elective\cpp_klink_elective\SFMLEngine\main.cpp(135,11): warning C4244:         ]
D:\Projects\cpp_klink_elective\cpp_klink_elective\SFMLEngine\main.cpp(189,41): warning C4244: 'argument': conversion from 'int' to 'float', possible loss of data
D:\Projects\cpp_klink_elective\cpp_klink_elective\SFMLEngine\main.cpp(195,13): warning C4244: 'argument': conversion from 'T' to 'T', possible loss of data
D:\Projects\cpp_klink_elective\cpp_klink_elective\SFMLEngine\main.cpp(195,13): warning C4244:         with
D:\Projects\cpp_klink_elective\cpp_klink_elective\SFMLEngine\main.cpp(195,13): warning C4244:         [
D:\Projects\cpp_klink_elective\cpp_klink_elective\SFMLEngine\main.cpp(195,13): warning C4244:             T=unsigned int
D:\Projects\cpp_klink_elective\cpp_klink_elective\SFMLEngine\main.cpp(195,13): warning C4244:         ]
D:\Projects\cpp_klink_elective\cpp_klink_elective\SFMLEngine\main.cpp(195,13): warning C4244:         and
D:\Projects\cpp_klink_elective\cpp_klink_elective\SFMLEngine\main.cpp(195,13): warning C4244:         [
D:\Projects\cpp_klink_elective\cpp_klink_elective\SFMLEngine\main.cpp(195,13): warning C4244:             T=float
D:\Projects\cpp_klink_elective\cpp_klink_elective\SFMLEngine\main.cpp(195,13): warning C4244:         ]
D:\Projects\cpp_klink_elective\cpp_klink_elective\SFMLEngine\main.cpp(194,12): warning C4244: 'argument': conversion from 'T' to 'T', possible loss of data
D:\Projects\cpp_klink_elective\cpp_klink_elective\SFMLEngine\main.cpp(194,12): warning C4244:         with
D:\Projects\cpp_klink_elective\cpp_klink_elective\SFMLEngine\main.cpp(194,12): warning C4244:         [
D:\Projects\cpp_klink_elective\cpp_klink_elective\SFMLEngine\main.cpp(194,12): warning C4244:             T=unsigned int
D:\Projects\cpp_klink_elective\cpp_klink_elective\SFMLEngine\main.cpp(194,12): warning C4244:         ]
D:\Projects\cpp_klink_elective\cpp_klink_elective\SFMLEngine\main.cpp(194,12): warning C4244:         and
D:\Projects\cpp_klink_elective\cpp_klink_elective\SFMLEngine\main.cpp(194,12): warning C4244:         [
D:\Projects\cpp_klink_elective\cpp_klink_elective\SFMLEngine\main.cpp(194,12): warning C4244:             T=float
D:\Projects\cpp_klink_elective\cpp_klink_elective\SFMLEngine\main.cpp(194,12): warning C4244:         ]
  SFMLEngine.vcxproj -> D:\Projects\cpp_klink_elective\cpp_klink_elective\\Build\SFMLEngine.exe
